C51 COMPILER V9.60.0.0   MQ_5                                                              02/28/2021 16:24:52 PAGE 1   


C51 COMPILER V9.60.0.0, COMPILATION OF MODULE MQ_5
OBJECT MODULE PLACED IN ..\Output\MQ-5.obj
COMPILER INVOKED BY: C:\Keil_v5\MDK\C51\BIN\C51.EXE ..\SourceProgram\MQ-5.c LARGE OPTIMIZE(8,SPEED) BROWSE INCDIR(..\Sou
                    -rceProgram;..\SDK) DEBUG OBJECTEXTEND PRINT(..\listing\MQ-5.lst) TABS(2) OBJECT(..\Output\MQ-5.obj)

line level    source

   1          #include "MQ-5.h" 
   2          
   3          uchar t;
   4          /**************************************************************************
   5          功能描述：传感器检测
   6          入口参数：无
   7          返回值：无
   8           *************************************************************************/
   9          void Sensor_Scan(void)
  10          {
  11   1         if(Sensor_IN == 0)         //MQ-2传感器感应到可燃性气体浓度达到一定值，DO针脚输出低电平      
  12   1         {
  13   2           t=100;                     //上发数据1
  14   2           P44=0;                   //开启蜂鸣器
  15   2         }
  16   1         else                       //MQ-2传感器感应到可燃性气体浓度低于一定值，DO针脚输出高电平 
  17   1         {
  18   2           t=0;                     //上发数据0
  19   2           P44=1;                   //关闭蜂鸣器
  20   2         }
  21   1      }
  22          
  23          /*********************************END FILE********************************************/ 
  24          


MODULE INFORMATION:   STATIC OVERLAYABLE
   CODE SIZE        =     20    ----
   CONSTANT SIZE    =   ----    ----
   XDATA SIZE       =      1    ----
   PDATA SIZE       =   ----    ----
   DATA SIZE        =   ----    ----
   IDATA SIZE       =   ----    ----
   BIT SIZE         =   ----    ----
END OF MODULE INFORMATION.


C51 COMPILATION COMPLETE.  0 WARNING(S),  0 ERROR(S)
